make all --print-data-base --no-builtin-variables --no-builtin-rules --question
make: *** No rule to make target 'all'.  Stop.

# GNU Make 4.2.1
# Built for x86_64-pc-linux-gnu
# Copyright (C) 1988-2016 Free Software Foundation, Inc.
# License GPLv3+: GNU GPL version 3 or later <http://gnu.org/licenses/gpl.html>
# This is free software: you are free to change and redistribute it.
# There is NO WARRANTY, to the extent permitted by law.

# Make data base, printed on Tue Jul 12 02:59:04 2022

# Variables

# 'override' directive
GNUMAKEFLAGS := 
# automatic
<D = $(patsubst %/,%,$(dir $<))
# automatic
?F = $(notdir $?)
# environment
VIRTUALENVWRAPPER_PROJECT_FILENAME = .project
# environment
DESKTOP_SESSION = ubuntu
# default
.SHELLFLAGS := -c
# environment
XDG_SESSION_CLASS = user
# environment
XDG_SESSION_TYPE = x11
# environment
VSCODE_LOG_NATIVE = false
# automatic
?D = $(patsubst %/,%,$(dir $?))
# environment
IM_CONFIG_PHASE = 1
# environment
PLATFORMIO_IDE = 2.5.0
# automatic
@D = $(patsubst %/,%,$(dir $@))
# environment
XAUTHORITY = /run/user/1000/gdm/Xauthority
# environment
GDMSESSION = ubuntu
# environment
XMODIFIERS = @im=ibus
# makefile
CURDIR := /home/guisoares/soares_repo/SC-embedded
# makefile
SHELL = /bin/sh
# environment
VSCODE_NLS_CONFIG = {"locale":"en-us","availableLanguages":{},"_languagePackSupport":true}
# environment
_ = /usr/share/code/code
# environment
JOURNAL_STREAM = 8:54951
# environment
XDG_CONFIG_DIRS = /etc/xdg/xdg-ubuntu:/etc/xdg
# makefile
MAKEFILE_LIST := 
# automatic
@F = $(notdir $@)
# environment
GIO_LAUNCHED_DESKTOP_FILE = /usr/share/applications/code.desktop
# environment
QT_IM_MODULE = ibus
# environment
USERNAME = guisoares
# environment
MAKELEVEL := 0
# environment
MANDATORY_PATH = /usr/share/gconf/ubuntu.mandatory.path
# environment
XDG_DATA_DIRS = /usr/share/ubuntu:/home/guisoares/.local/share/flatpak/exports/share:/var/lib/flatpak/exports/share:/usr/local/share/:/usr/share/:/var/lib/snapd/desktop
# environment
ROS_ETC_DIR = /opt/ros/noetic/etc/ros
# environment
DBUS_SESSION_BUS_ADDRESS = unix:path=/run/user/1000/bus
# environment
VSCODE_VERBOSE_LOGGING = true
# environment
LC_CTYPE = pt_BR.UTF-8
# environment
ROS_PACKAGE_PATH = /home/guisoares/catkin_ws/src:/opt/ros/noetic/share
# environment
MANAGERPID = 1966
# environment
ROS_PYTHON_VERSION = 3
# environment
LESSOPEN = | /usr/bin/lesspipe %s
# environment
LC_NAME = pt_BR.UTF-8
# environment
VSCODE_CWD = /home/guisoares
# default
MAKE_HOST := x86_64-pc-linux-gnu
# environment
NO_PROXY = 127.0.0.1
# environment
XDG_SESSION_DESKTOP = ubuntu
# environment
GPG_AGENT_INFO = /run/user/1000/gnupg/S.gpg-agent:0:1
# environment
GJS_DEBUG_OUTPUT = stderr
# environment
SESSION_MANAGER = local/guisoares-Aspire-A315-53:@/tmp/.ICE-unix/2198,unix/guisoares-Aspire-A315-53:/tmp/.ICE-unix/2198
# environment
XDG_RUNTIME_DIR = /run/user/1000
# environment
VSCODE_HANDLES_UNCAUGHT_ERRORS = true
# environment
ROS_ROOT = /opt/ros/noetic/share/ros
# environment
VIRTUALENVWRAPPER_PYTHON = /usr/bin/python3
# environment
XDG_MENU_PREFIX = gnome-
# environment
VSCODE_LOG_STACK = false
# environment
ELECTRON_RUN_AS_NODE = 1
# environment
INVOCATION_ID = 1fd71985351643eb8c5b867cedaf2e01
# default
.FEATURES := target-specific order-only second-expansion else-if shortest-stem undefine oneshell archives jobserver output-sync check-symlink load
# environment
CMAKE_PREFIX_PATH = /home/guisoares/catkin_ws/devel:/opt/ros/noetic
# environment
LS_COLORS = 
# environment
VIRTUALENVWRAPPER_HOOK_DIR = /home/guisoares/.virtualenvs
# environment
ROS_DISTRO = noetic
# environment
SSH_AUTH_SOCK = /run/user/1000/keyring/ssh
# environment
GIO_LAUNCHED_DESKTOP_FILE_PID = 3414
# automatic
%F = $(notdir $%)
# environment
DISPLAY = :0
# environment
VIRTUALENVWRAPPER_VIRTUALENV = /usr/local/bin/virtualenv
# environment
VSCODE_PIPE_LOGGING = true
# environment
PWD = /home/guisoares/soares_repo/SC-embedded
# default
.LOADED := 
# environment
SSH_AGENT_PID = 2162
# environment
PKG_CONFIG_PATH = /home/guisoares/catkin_ws/devel/lib/pkgconfig:/opt/ros/noetic/lib/pkgconfig
# environment
ORIGINAL_XDG_CURRENT_DESKTOP = ubuntu:GNOME
# environment
GTK_MODULES = gail:atk-bridge
# environment
VSCODE_AMD_ENTRYPOINT = vs/workbench/api/node/extensionHostProcess
# environment
HOME = /home/guisoares
# environment
LD_LIBRARY_PATH = /home/guisoares/catkin_ws/devel/lib:/opt/ros/noetic/lib:/usr/lib/x86_64-linux-gnu/:/home/guisoares/catkin_ws/install/lib/mavlink_sitl_gazebo/plugins
# environment
LESSCLOSE = /usr/bin/lesspipe %s %s
# environment
VSCODE_CODE_CACHE_PATH = /home/guisoares/.config/Code/CachedData/4af164ea3a06f701fe3e89a2bcbb421d2026b68f
# environment
LOGNAME = guisoares
# environment
APPLICATION_INSIGHTS_NO_DIAGNOSTIC_CHANNEL = true
# automatic
+F = $(notdir $+)
# environment
WORKON_HOME = /home/guisoares/.virtualenvs
# environment
GNOME_DESKTOP_SESSION_ID = this-is-deprecated
# automatic
^D = $(patsubst %/,%,$(dir $^))
# environment
LC_TIME = pt_BR.UTF-8
# environment
PLATFORMIO_PATH = /home/guisoares/.platformio/penv/bin:/home/guisoares/.platformio/penv:/home/guisoares/.platformio/python3/bin:/home/guisoares/.local/bin:/home/guisoares/catkin_ws/devel/bin:/opt/ros/noetic/bin:/home/guisoares/.local/bin:/usr/local/sbin:/usr/local/bin:/usr/sbin:/usr/bin:/sbin:/bin:/usr/games:/usr/local/games:/snap/bin
# default
MAKE = $(MAKE_COMMAND)
# environment
GAZEBO_RESOURCE_PATH = /home/guisoares/catkin_ws/install/share/mavlink_sitl_gazebo:
# default
MAKECMDGOALS := all
# environment
PATH = /home/guisoares/.local/bin:/home/guisoares/catkin_ws/devel/bin:/opt/ros/noetic/bin:/home/guisoares/.local/bin:/usr/local/sbin:/usr/local/bin:/usr/sbin:/usr/bin:/sbin:/bin:/usr/games:/usr/local/games:/snap/bin
# environment
SHLVL = 0
# environment
GNOME_SHELL_SESSION_MODE = ubuntu
# environment
 
VSCODE_IPC_HOOK_EXTHOST = /run/user/1000/vscode-ipc-34f2c0bb-3d0a-448c-a593-f607ba213ba7.sock
# default
MAKE_VERSION := 4.2.1
# environment
USER = guisoares
# environment
LC_MONETARY = pt_BR.UTF-8
# makefile
.DEFAULT_GOAL := 
# environment
XDG_CURRENT_DESKTOP = Unity
# environment
ROSLISP_PACKAGE_DIRECTORIES = /home/guisoares/catkin_ws/devel/share/common-lisp
# automatic
%D = $(patsubst %/,%,$(dir $%))
# environment
LC_TELEPHONE = pt_BR.UTF-8
# default
MAKE_COMMAND := make
# default
.VARIABLES := 
# automatic
*F = $(notdir $*)
# environment
VSCODE_IPC_HOOK = /run/user/1000/vscode-28a5f8b9-1.68.0-main.sock
# environment
PYTHONPATH = /home/guisoares/catkin_ws/devel/lib/python3/dist-packages:/opt/ros/noetic/lib/python3/dist-packages
# makefile
MAKEFLAGS = pqrR
# environment
MFLAGS = -pqrR
# automatic
*D = $(patsubst %/,%,$(dir $*))
# environment
ROS_VERSION = 1
# automatic
+D = $(patsubst %/,%,$(dir $+))
# environment
GDK_BACKEND = x11
# environment
LC_PAPER = pt_BR.UTF-8
# environment
QT_ACCESSIBILITY = 1
# environment
DEFAULTS_PATH = /usr/share/gconf/ubuntu.default.path
# default
MAKEFILES := 
# environment
VIRTUALENVWRAPPER_WORKON_CD = 1
# environment
LC_NUMERIC = pt_BR.UTF-8
# automatic
<F = $(notdir $<)
# environment
PLATFORMIO_CALLER = vscode
# environment
VIRTUALENVWRAPPER_SCRIPT = /usr/local/bin/virtualenvwrapper.sh
# environment
LC_MEASUREMENT = pt_BR.UTF-8
# environment
ROS_MASTER_URI = http://localhost:11311
# environment
LC_ALL = C
# environment
GJS_DEBUG_TOPICS = JS ERROR;JS LOG
# automatic
^F = $(notdir $^)
# default
SUFFIXES := 
# environment
CHROME_DESKTOP = code-url-handler.desktop
# environment
GAZEBO_MODEL_PATH = /home/guisoares/catkin_ws/install/share/mavlink_sitl_gazebo/models:
# environment
WINDOWPATH = 2
# default
.INCLUDE_DIRS = /usr/include /usr/local/include /usr/include
# environment
LC_IDENTIFICATION = pt_BR.UTF-8
# default
.RECIPEPREFIX := 
# environment
LC_ADDRESS = pt_BR.UTF-8
# environment
GAZEBO_PLUGIN_PATH = /home/guisoares/catkin_ws/install/lib/mavlink_sitl_gazebo/plugins:
# environment
LANG = C
# environment
VSCODE_PID = 3414
# variable set hash-table stats:
# Load=135/1024=13%, Rehash=0, Collisions=25/157=16%

# Pattern-specific Variable Values

# No pattern-specific variable values.

# Directories

# . (device 2054, inode 2417027): 7 files, no impossibilities.

# 7 files, no impossibilities in 1 directories.

# Implicit Rules

# No implicit rules.

# Files

# Not a target:
all:
#  Command line target.
#  Implicit rule search has been done.
#  File does not exist.
#  File has not been updated.

# Not a target:
Makefile:
#  Implicit rule search has been done.
#  File does not exist.
#  File has been updated.
#  Failed to be updated.

# Not a target:
makefile:
#  Implicit rule search has been done.
#  File does not exist.
#  File has been updated.
#  Failed to be updated.

# Not a target:
.DEFAULT:
#  Implicit rule search has not been done.
#  Modification time never checked.
#  File has not been updated.

# Not a target:
GNUmakefile:
#  Implicit rule search has been done.
#  File does not exist.
#  File has been updated.
#  Failed to be updated.

# files hash-table stats:
# Load=6/1024=1%, Rehash=0, Collisions=0/15=0%
# VPATH Search Paths

# No 'vpath' search paths.

# No general ('VPATH' variable) search path.

# strcache buffers: 1 (0) / strings = 15 / storage = 132 B / avg = 8 B
# current buf: size = 8162 B / used = 132 B / count = 15 / avg = 8 B

# strcache performance: lookups = 18 / hit rate = 16%
# hash-table stats:
# Load=15/8192=0%, Rehash=0, Collisions=1/18=6%
# Finished Make data base on Tue Jul 12 02:59:04 2022

 
